#
# A fatal error has been detected by the Java Runtime Environment:
#
#  SIGBUS (0x7) at pc=0x00007f0724e52eed, pid=25701, tid=0x00007f06cc2a9700
#
# JRE version: OpenJDK Runtime Environment (8.0_121-b13) (build 1.8.0_121-8u121-b13-0ubuntu1.16.04.2-b13)
# Java VM: OpenJDK 64-Bit Server VM (25.121-b13 mixed mode linux-amd64 compressed oops)
# Problematic frame:
# C  [libzip.so+0x4eed]
#
# Failed to write core dump. Core dumps have been disabled. To enable core dumping, try "ulimit -c unlimited" before starting Java again
#
# If you would like to submit a bug report, please visit:
#   http://bugreport.java.com/bugreport/crash.jsp
# The crash happened outside the Java Virtual Machine in native code.
# See problematic frame for where to report the bug.
#

---------------  T H R E A D  ---------------

Current thread (0x00007f06c8003000):  JavaThread "Thread-11" [_thread_in_native, id=25976, stack(0x00007f06cc1a9000,0x00007f06cc2aa000)]

siginfo: si_signo: 7 (SIGBUS), si_code: 2 (BUS_ADRERR), si_addr: 0x00007f0701b9aab5

Registers:
RAX=0x00007f068c000b70, RBX=0x00007f07201e13f0, RCX=0x00007f0701b9aa95, RDX=0x00007f068c000b70
RSP=0x00007f06cc2a69f0, RBP=0x00007f06cc2a6a60, RSI=0x0000000000000108, RDI=0x0000000000000030
R8 =0x000000009ac6435b, R9 =0x00007f0727671fe0, R10=0x00007f0711178398, R11=0x000000076d1a03d8
R12=0x00007f07202003a8, R13=0x00007f06cc2a6afa, R14=0x00007f06940010d0, R15=0x00007f068c000b70
RIP=0x00007f0724e52eed, EFLAGS=0x0000000000010206, CSGSFS=0x0000000000000033, ERR=0x0000000000000004
  TRAPNO=0x000000000000000e

Top of Stack: (sp=0x00007f06cc2a69f0)
0x00007f06cc2a69f0:   0000000000000000 0000000000000000
0x00007f06cc2a6a00:   00000000cc4585f0 0000000000000000
0x00007f06cc2a6a10:   0000000000000000 0000000000000000
0x00007f06cc2a6a20:   00000000c8003000 00007f0726ff4a00
0x00007f06cc2a6a30:   000000000000002b 00007f07202003a0
0x00007f06cc2a6a40:   000000009ac6435b 00007f06cc2a6afa
0x00007f06cc2a6a50:   00007f06940010d0 00007f07201e13f0
0x00007f06cc2a6a60:   00007f06cc2a6ab0 00007f0724e53c84
0x00007f06cc2a6a70:   00007f06cc2a6ad0 0000002b01d57400
0x00007f06cc2a6a80:   00007f06cc2a6ab0 000000000000002b
0x00007f06cc2a6a90:   00007f06c80031e0 00000006c71038f8
0x00007f06cc2a6aa0:   00007f06cc2a6f28 00007f07201e13f0
0x00007f06cc2a6ab0:   00007f06cc2a6f10 00007f0724e51bec
0x00007f06cc2a6ac0:   00007f06cc2a6ad0 00000001cc2a7060
0x00007f06cc2a6ad0:   696c63652f67726f 7474656a2f657370
0x00007f06cc2a6ae0:   462f6c6974752f79 6c61436572757475
0x00007f06cc2a6af0:   6c632e6b6361626c 0000000000737361
0x00007f06cc2a6b00:   0000000000000000 00007f06cc2a6bd8
0x00007f06cc2a6b10:   00007f06cc2a6bc8 0000000000000000
0x00007f06cc2a6b20:   0000000000000000 00007f06cc2a6be0
0x00007f06cc2a6b30:   0000000000000000 0000000000000000
0x00007f06cc2a6b40:   0000000000000000 0000000000000020
0x00007f06cc2a6b50:   0000000000000000 0000000000000000
0x00007f06cc2a6b60:   00007f06cc2a6bf0 0000000000000000
0x00007f06cc2a6b70:   0000000000000000 00007f0600000033
0x00007f06cc2a6b80:   0000000000000000 0000000000000033
0x00007f06cc2a6b90:   00007f07272398a3 0000000100000000
0x00007f06cc2a6ba0:   00007f06cc2a6c40 00007f0727d716ce
0x00007f06cc2a6bb0:   00007f06cc2a7160 00007f06cc2a7150
0x00007f06cc2a6bc0:   00007f07272398a1 00007f06cc2a7300
0x00007f06cc2a6bd0:   0000000000000000 00007f0727d4392d
0x00007f06cc2a6be0:   00007f07272242ae 00007f06cc2a7310 

Instructions: (pc=0x00007f0724e52eed)
0x00007f0724e52ecd:   40 30 00 00 00 00 48 c7 40 28 00 00 00 00 0f 84
0x00007f0724e52edd:   bf 01 00 00 49 8b 0c 24 48 2b 4b 28 48 03 4b 18
0x00007f0724e52eed:   0f b7 41 20 44 0f b7 69 1c 49 89 ce 44 0f b7 61
0x00007f0724e52efd:   1e 89 45 c0 41 8b 46 0c 48 c7 45 c8 00 00 00 00 

Register to memory mapping:

RAX=0x00007f068c000b70 is an unknown value
RBX=0x00007f07201e13f0 is an unknown value
RCX=0x00007f0701b9aa95 is an unknown value
RDX=0x00007f068c000b70 is an unknown value
RSP=0x00007f06cc2a69f0 is pointing into the stack for thread: 0x00007f06c8003000
RBP=0x00007f06cc2a6a60 is pointing into the stack for thread: 0x00007f06c8003000
RSI=0x0000000000000108 is an unknown value
RDI=0x0000000000000030 is an unknown value
R8 =0x000000009ac6435b is an unknown value
R9 =0x00007f0727671fe0: <offset 0xef1fe0> in /usr/lib/jvm/java-8-openjdk-amd64/jre/lib/amd64/server/libjvm.so at 0x00007f0726780000
R10=0x00007f0711178398 is at entry_point+88 in (nmethod*)0x00007f07111781d0
R11=0x000000076d1a03d8 is an oop
