#
# A fatal error has been detected by the Java Runtime Environment:
#
#  SIGBUS (0x7) at pc=0x00007f5c3fbe9eed, pid=17418, tid=0x00007f5c1ec9a700
#
# JRE version: OpenJDK Runtime Environment (8.0_121-b13) (build 1.8.0_121-8u121-b13-0ubuntu1.16.04.2-b13)
# Java VM: OpenJDK 64-Bit Server VM (25.121-b13 mixed mode linux-amd64 compressed oops)
# Problematic frame:
# C  [libzip.so+0x4eed]
#
# Failed to write core dump. Core dumps have been disabled. To enable core dumping, try "ulimit -c unlimited" before starting Java again
#
# If you would like to submit a bug report, please visit:
#   http://bugreport.java.com/bugreport/crash.jsp
# The crash happened outside the Java Virtual Machine in native code.
# See problematic frame for where to report the bug.
#

---------------  T H R E A D  ---------------

Current thread (0x00007f5bf0003000):  JavaThread "Thread-11" [_thread_in_native, id=19899, stack(0x00007f5c1eb9a000,0x00007f5c1ec9b000)]

siginfo: si_signo: 7 (SIGBUS), si_code: 2 (BUS_ADRERR), si_addr: 0x00007f5c2c95156c

Registers:
RAX=0x00007f5ba8000b70, RBX=0x00007f5c401e1cf0, RCX=0x00007f5c2c95154c, RDX=0x00007f5ba8000b70
RSP=0x00007f5c1ec979f0, RBP=0x00007f5c1ec97a60, RSI=0x0000000000000108, RDI=0x0000000000000030
R8 =0x000000009ac6435b, R9 =0x00007f5c46435fe0, R10=0x00007f5c30d61218, R11=0x000000076d05f920
R12=0x00007f5c40200c98, R13=0x00007f5c1ec97afa, R14=0x00007f5bc8064920, R15=0x00007f5ba8000b70
RIP=0x00007f5c3fbe9eed, EFLAGS=0x0000000000010202, CSGSFS=0x0000000000000033, ERR=0x0000000000000004
  TRAPNO=0x000000000000000e

Top of Stack: (sp=0x00007f5c1ec979f0)
0x00007f5c1ec979f0:   0000000000000000 0000000000000000
0x00007f5c1ec97a00:   000000001ee47e98 0000000000000000
0x00007f5c1ec97a10:   0000000000000000 0000000000000000
0x00007f5c1ec97a20:   00000000f0003000 00007f5c45db8a00
0x00007f5c1ec97a30:   000000000000002b 00007f5c40200c90
0x00007f5c1ec97a40:   000000009ac6435b 00007f5c1ec97afa
0x00007f5c1ec97a50:   00007f5bc8064920 00007f5c401e1cf0
0x00007f5c1ec97a60:   00007f5c1ec97ab0 00007f5c3fbeac84
0x00007f5c1ec97a70:   00007f5c1ec97ad0 0000002b01cb5d00
0x00007f5c1ec97a80:   00007f5c1ec97ab0 000000000000002b
0x00007f5c1ec97a90:   00007f5bf00031e0 00000006c700bc40
0x00007f5c1ec97aa0:   00007f5c1ec97f28 00007f5c401e1cf0
0x00007f5c1ec97ab0:   00007f5c1ec97f10 00007f5c3fbe8bec
0x00007f5c1ec97ac0:   00007f5c1ec97ad0 000000011ec98060
0x00007f5c1ec97ad0:   696c63652f67726f 7474656a2f657370
0x00007f5c1ec97ae0:   462f6c6974752f79 6c61436572757475
0x00007f5c1ec97af0:   6c632e6b6361626c 0000000000737361
0x00007f5c1ec97b00:   0000000000000000 00007f5c1ec97bd8
0x00007f5c1ec97b10:   00007f5c1ec97bc8 0000000000000000
0x00007f5c1ec97b20:   0000000000000000 00007f5c1ec97be0
0x00007f5c1ec97b30:   0000000000000000 0000000000000000
0x00007f5c1ec97b40:   0000000000000000 0000000000000020
0x00007f5c1ec97b50:   0000000000000000 0000000000000000
0x00007f5c1ec97b60:   00007f5c1ec97bf0 0000000000000000
0x00007f5c1ec97b70:   0000000000000000 00007f5c00000033
0x00007f5c1ec97b80:   0000000000000000 0000000000000033
0x00007f5c1ec97b90:   00007f5c45ffd8a3 0000000100000000
0x00007f5c1ec97ba0:   00007f5c1ec97c40 00007f5c46b356ce
0x00007f5c1ec97bb0:   00007f5c1ec98160 00007f5c1ec98150
0x00007f5c1ec97bc0:   00007f5c45ffd8a1 00007f5c1ec98300
0x00007f5c1ec97bd0:   0000000000000000 00007f5c46b0792d
0x00007f5c1ec97be0:   00007f5c45fe82ae 00007f5c1ec98310 

Instructions: (pc=0x00007f5c3fbe9eed)
0x00007f5c3fbe9ecd:   40 30 00 00 00 00 48 c7 40 28 00 00 00 00 0f 84
0x00007f5c3fbe9edd:   bf 01 00 00 49 8b 0c 24 48 2b 4b 28 48 03 4b 18
0x00007f5c3fbe9eed:   0f b7 41 20 44 0f b7 69 1c 49 89 ce 44 0f b7 61
0x00007f5c3fbe9efd:   1e 89 45 c0 41 8b 46 0c 48 c7 45 c8 00 00 00 00 

Register to memory mapping:

RAX=0x00007f5ba8000b70 is an unknown value
RBX=0x00007f5c401e1cf0 is an unknown value
RCX=0x00007f5c2c95154c is an unknown value
RDX=0x00007f5ba8000b70 is an unknown value
RSP=0x00007f5c1ec979f0 is pointing into the stack for thread: 0x00007f5bf0003000
RBP=0x00007f5c1ec97a60 is pointing into the stack for thread: 0x00007f5bf0003000
RSI=0x0000000000000108 is an unknown value
RDI=0x0000000000000030 is an unknown value
R8 =0x000000009ac6435b is an unknown value
R9 =0x00007f5c46435fe0: <offset 0xef1fe0> in /usr/lib/jvm/java-8-openjdk-amd64/jre/lib/amd64/server/libjvm.so at 0x00007f5c45544000
R10=0x00007f5c30d61218 is at entry_point+88 in (nmethod*)0x00007f5c30d61050
R11=0x000000076d05f920 is an oop
