#
# A fatal error has been detected by the Java Runtime Environment:
#
#  SIGBUS (0x7) at pc=0x00007ffa71f8beed, pid=19947, tid=0x00007ffa4c347700
#
# JRE version: OpenJDK Runtime Environment (8.0_121-b13) (build 1.8.0_121-8u121-b13-0ubuntu1.16.04.2-b13)
# Java VM: OpenJDK 64-Bit Server VM (25.121-b13 mixed mode linux-amd64 compressed oops)
# Problematic frame:
# C  [libzip.so+0x4eed]
#
# Failed to write core dump. Core dumps have been disabled. To enable core dumping, try "ulimit -c unlimited" before starting Java again
#
# If you would like to submit a bug report, please visit:
#   http://bugreport.java.com/bugreport/crash.jsp
# The crash happened outside the Java Virtual Machine in native code.
# See problematic frame for where to report the bug.
#

---------------  T H R E A D  ---------------

Current thread (0x00007ffa10003000):  JavaThread "Thread-11" [_thread_in_native, id=21892, stack(0x00007ffa4c247000,0x00007ffa4c348000)]

siginfo: si_signo: 7 (SIGBUS), si_code: 2 (BUS_ADRERR), si_addr: 0x00007ffa4ef8d9d4

Registers:
RAX=0x00007ff9d0000b70, RBX=0x00007ffa6c1d9400, RCX=0x00007ffa4ef8d9b4, RDX=0x00007ff9d0000b70
RSP=0x00007ffa4c3449f0, RBP=0x00007ffa4c344a60, RSI=0x0000000000000108, RDI=0x0000000000000030
R8 =0x000000009ac6435b, R9 =0x00007ffa747aafe0, R10=0x00007ffa5d172958, R11=0x000000077199f3a0
R12=0x00007ffa6c1f83b8, R13=0x00007ffa4c344afa, R14=0x00007ff9f8007480, R15=0x00007ff9d0000b70
RIP=0x00007ffa71f8beed, EFLAGS=0x0000000000010206, CSGSFS=0x0000000000000033, ERR=0x0000000000000004
  TRAPNO=0x000000000000000e

Top of Stack: (sp=0x00007ffa4c3449f0)
0x00007ffa4c3449f0:   0000000000000000 0000000000000000
0x00007ffa4c344a00:   000000004c621c18 0000000000000000
0x00007ffa4c344a10:   0000000000000000 0000000000000000
0x00007ffa4c344a20:   0000000010003000 00007ffa7412da00
0x00007ffa4c344a30:   000000000000002b 00007ffa6c1f83b0
0x00007ffa4c344a40:   000000009ac6435b 00007ffa4c344afa
0x00007ffa4c344a50:   00007ff9f8007480 00007ffa6c1d9400
0x00007ffa4c344a60:   00007ffa4c344ab0 00007ffa71f8cc84
0x00007ffa4c344a70:   00007ffa4c344ad0 0000002b01852100
0x00007ffa4c344a80:   00007ffa4c344ab0 000000000000002b
0x00007ffa4c344a90:   00007ffa100031e0 00000006c7088be0
0x00007ffa4c344aa0:   00007ffa4c344f28 00007ffa6c1d9400
0x00007ffa4c344ab0:   00007ffa4c344f10 00007ffa71f8abec
0x00007ffa4c344ac0:   00007ffa4c344ad0 000000014c345060
0x00007ffa4c344ad0:   696c63652f67726f 7474656a2f657370
0x00007ffa4c344ae0:   462f6c6974752f79 6c61436572757475
0x00007ffa4c344af0:   6c632e6b6361626c 0000000000737361
0x00007ffa4c344b00:   0000000000000000 00007ffa4c344bd8
0x00007ffa4c344b10:   00007ffa4c344bc8 0000000000000000
0x00007ffa4c344b20:   0000000000000000 00007ffa4c344be0
0x00007ffa4c344b30:   0000000000000000 0000000000000000
0x00007ffa4c344b40:   0000000000000000 0000000000000020
0x00007ffa4c344b50:   0000000000000000 0000000000000000
0x00007ffa4c344b60:   00007ffa4c344bf0 0000000000000000
0x00007ffa4c344b70:   0000000000000000 00007ffa00000033
0x00007ffa4c344b80:   0000000000000000 0000000000000033
0x00007ffa4c344b90:   00007ffa743728a3 0000000100000000
0x00007ffa4c344ba0:   00007ffa4c344c40 00007ffa74eaa6ce
0x00007ffa4c344bb0:   00007ffa4c345160 00007ffa4c345150
0x00007ffa4c344bc0:   00007ffa743728a1 00007ffa4c345300
0x00007ffa4c344bd0:   0000000000000000 00007ffa74e7c92d
0x00007ffa4c344be0:   00007ffa7435d2ae 00007ffa4c345310 

Instructions: (pc=0x00007ffa71f8beed)
0x00007ffa71f8becd:   40 30 00 00 00 00 48 c7 40 28 00 00 00 00 0f 84
0x00007ffa71f8bedd:   bf 01 00 00 49 8b 0c 24 48 2b 4b 28 48 03 4b 18
0x00007ffa71f8beed:   0f b7 41 20 44 0f b7 69 1c 49 89 ce 44 0f b7 61
0x00007ffa71f8befd:   1e 89 45 c0 41 8b 46 0c 48 c7 45 c8 00 00 00 00 

Register to memory mapping:

RAX=0x00007ff9d0000b70 is an unknown value
RBX=0x00007ffa6c1d9400 is an unknown value
RCX=0x00007ffa4ef8d9b4 is an unknown value
RDX=0x00007ff9d0000b70 is an unknown value
RSP=0x00007ffa4c3449f0 is pointing into the stack for thread: 0x00007ffa10003000
RBP=0x00007ffa4c344a60 is pointing into the stack for thread: 0x00007ffa10003000
RSI=0x0000000000000108 is an unknown value
RDI=0x0000000000000030 is an unknown value
R8 =0x000000009ac6435b is an unknown value
R9 =0x00007ffa747aafe0: <offset 0xef1fe0> in /usr/lib/jvm/java-8-openjdk-amd64/jre/lib/amd64/server/libjvm.so at 0x00007ffa738b9000
R10=0x00007ffa5d172958 is at entry_point+88 in (nmethod*)0x00007ffa5d172790
R11=0x000000077199f3a0 is an oop
