#
# A fatal error has been detected by the Java Runtime Environment:
#
#  SIGBUS (0x7) at pc=0x00007f3172d70eed, pid=29254, tid=0x00007f3154e86700
#
# JRE version: OpenJDK Runtime Environment (8.0_121-b13) (build 1.8.0_121-8u121-b13-0ubuntu1.16.04.2-b13)
# Java VM: OpenJDK 64-Bit Server VM (25.121-b13 mixed mode linux-amd64 compressed oops)
# Problematic frame:
# C  [libzip.so+0x4eed]
#
# Failed to write core dump. Core dumps have been disabled. To enable core dumping, try "ulimit -c unlimited" before starting Java again
#
# If you would like to submit a bug report, please visit:
#   http://bugreport.java.com/bugreport/crash.jsp
# The crash happened outside the Java Virtual Machine in native code.
# See problematic frame for where to report the bug.
#

---------------  T H R E A D  ---------------

Current thread (0x00007f3118003000):  JavaThread "Thread-11" [_thread_in_native, id=29596, stack(0x00007f3154d86000,0x00007f3154e87000)]

siginfo: si_signo: 7 (SIGBUS), si_code: 2 (BUS_ADRERR), si_addr: 0x00007f3157a6eb08

Registers:
RAX=0x00007f30d4000ee0, RBX=0x00007f316c1f97a0, RCX=0x00007f3157a6eae8, RDX=0x00007f30d4000ee0
RSP=0x00007f3154e839f0, RBP=0x00007f3154e83a60, RSI=0x00007f30d4000f20, RDI=0x0000000000000000
R8 =0x000000009ac6435b, R9 =0x00007f317558ffe0, R10=0x00007f315d170b58, R11=0x000000076d05f920
R12=0x00007f316c218758, R13=0x00007f3154e83afa, R14=0x00007f30e0001040, R15=0x00007f30d4000ee0
RIP=0x00007f3172d70eed, EFLAGS=0x0000000000010206, CSGSFS=0x0000000000000033, ERR=0x0000000000000004
  TRAPNO=0x000000000000000e

Top of Stack: (sp=0x00007f3154e839f0)
0x00007f3154e839f0:   0000000000000000 0000000000000000
0x00007f3154e83a00:   000000005502a5f8 0000000000000000
0x00007f3154e83a10:   0000000000000000 0000000000000000
0x00007f3154e83a20:   0000000018003000 00007f3174f12a00
0x00007f3154e83a30:   000000000000002b 00007f316c218750
0x00007f3154e83a40:   000000009ac6435b 00007f3154e83afa
0x00007f3154e83a50:   00007f30e0001040 00007f316c1f97a0
0x00007f3154e83a60:   00007f3154e83ab0 00007f3172d71c84
0x00007f3154e83a70:   00007f3154e83ad0 0000002b01b96c00
0x00007f3154e83a80:   00007f3154e83ab0 000000000000002b
0x00007f3154e83a90:   00007f31180031e0 00000006c70fb5c8
0x00007f3154e83aa0:   00007f3154e83f28 00007f316c1f97a0
0x00007f3154e83ab0:   00007f3154e83f10 00007f3172d6fbec
0x00007f3154e83ac0:   00007f3154e83ad0 0000000154e84060
0x00007f3154e83ad0:   696c63652f67726f 7474656a2f657370
0x00007f3154e83ae0:   462f6c6974752f79 6c61436572757475
0x00007f3154e83af0:   6c632e6b6361626c 0000000000737361
0x00007f3154e83b00:   0000000000000000 00007f3154e83bd8
0x00007f3154e83b10:   00007f3154e83bc8 0000000000000000
0x00007f3154e83b20:   0000000000000000 00007f3154e83be0
0x00007f3154e83b30:   0000000000000000 0000000000000000
0x00007f3154e83b40:   0000000000000000 0000000000000020
0x00007f3154e83b50:   0000000000000000 0000000000000000
0x00007f3154e83b60:   00007f3154e83bf0 0000000000000000
0x00007f3154e83b70:   0000000000000000 00007f3100000033
0x00007f3154e83b80:   0000000000000000 0000000000000033
0x00007f3154e83b90:   00007f31751578a3 0000000100000000
0x00007f3154e83ba0:   00007f3154e83c40 00007f3175c8f6ce
0x00007f3154e83bb0:   00007f3154e84160 00007f3154e84150
0x00007f3154e83bc0:   00007f31751578a1 00007f3154e84300
0x00007f3154e83bd0:   0000000000000000 00007f3175c6192d
0x00007f3154e83be0:   00007f31751422ae 00007f3154e84310 

Instructions: (pc=0x00007f3172d70eed)
0x00007f3172d70ecd:   40 30 00 00 00 00 48 c7 40 28 00 00 00 00 0f 84
0x00007f3172d70edd:   bf 01 00 00 49 8b 0c 24 48 2b 4b 28 48 03 4b 18
0x00007f3172d70eed:   0f b7 41 20 44 0f b7 69 1c 49 89 ce 44 0f b7 61
0x00007f3172d70efd:   1e 89 45 c0 41 8b 46 0c 48 c7 45 c8 00 00 00 00 

Register to memory mapping:

RAX=0x00007f30d4000ee0 is an unknown value
RBX=0x00007f316c1f97a0 is an unknown value
RCX=0x00007f3157a6eae8 is an unknown value
RDX=0x00007f30d4000ee0 is an unknown value
RSP=0x00007f3154e839f0 is pointing into the stack for thread: 0x00007f3118003000
RBP=0x00007f3154e83a60 is pointing into the stack for thread: 0x00007f3118003000
RSI=0x00007f30d4000f20 is an unknown value
RDI=0x0000000000000000 is an unknown value
R8 =0x000000009ac6435b is an unknown value
R9 =0x00007f317558ffe0: <offset 0xef1fe0> in /usr/lib/jvm/java-8-openjdk-amd64/jre/lib/amd64/server/libjvm.so at 0x00007f317469e000
R10=0x00007f315d170b58 is at entry_point+88 in (nmethod*)0x00007f315d170990
R11=0x000000076d05f920 is an oop
